login
username
password
name
admin
user
pass
user_name
user_username
passwd
uname
uid
userid
upass
upasswd
usrname
user_uname
usern
pass_hash
passw
pword
pwrd
pwd
user_password
admin_pass
admin_passwd
admin_password
userpass
user_pass
user_pword
user_passw
user_pwrd
user_pwd
user_passwd
admin_pwd
logout
loginout
log
member
memberid
user_usernun
user_un
usrnm
user_usrnm
usr
usernm
user_usernm
user_nm
admin_name
admin_uname
admin_user
admin_username
Aupass
usuarios
wsnguest_username
e_mail
sessionid
